''Thu 6 12:14:20': [DEBUG] SELECT IF(COUNT(*) > 0, 1, 0) FROM `INFORMATION_SCHEMA`.`TABLES` WHERE `TABLE_NAME`= 'modelos' AND `TABLE_SCHEMA` = 'carrillo_dbaurora''
''Thu 6 12:14:20': [DEBUG] DESCRIBE `carrillo_dbaurora`.`modelos`'
''Thu 6 12:14:20': [DEBUG] SELECT `modelos`.`id`, `modelos`.`modelName`, `modelos`.`actionName`, `modelos`.`modelType`, `modelos`.`modelDes`, `modelos`.`menuName`, `modelos`.`menuOrder`, `modelos`.`menuGroup` FROM `carrillo_dbaurora`.`modelos` WHERE `modelos`.`menuGroup` = :1 ORDER BY `modelos`.`menuOrder`'
''Thu 6 12:14:29': [DEBUG] SELECT IF(COUNT(*) > 0, 1, 0) FROM `INFORMATION_SCHEMA`.`TABLES` WHERE `TABLE_NAME`= 'modelos' AND `TABLE_SCHEMA` = 'carrillo_dbaurora''
''Thu 6 12:14:30': [DEBUG] DESCRIBE `carrillo_dbaurora`.`modelos`'
''Thu 6 12:14:30': [DEBUG] SELECT `modelos`.`id`, `modelos`.`modelName`, `modelos`.`actionName`, `modelos`.`modelType`, `modelos`.`modelDes`, `modelos`.`menuName`, `modelos`.`menuOrder`, `modelos`.`menuGroup` FROM `carrillo_dbaurora`.`modelos` WHERE `modelos`.`menuGroup` = :1 ORDER BY `modelos`.`menuOrder`'
''Thu 6 12:24:58': [DEBUG] SELECT IF(COUNT(*) > 0, 1, 0) FROM `INFORMATION_SCHEMA`.`TABLES` WHERE `TABLE_NAME`= 'modelos' AND `TABLE_SCHEMA` = 'carrillo_dbaurora''
''Thu 6 12:24:58': [DEBUG] DESCRIBE `carrillo_dbaurora`.`modelos`'
''Thu 6 12:24:58': [DEBUG] SELECT `modelos`.`id`, `modelos`.`modelName`, `modelos`.`actionName`, `modelos`.`modelType`, `modelos`.`modelDes`, `modelos`.`menuName`, `modelos`.`menuOrder`, `modelos`.`menuGroup` FROM `carrillo_dbaurora`.`modelos` WHERE `modelos`.`menuGroup` = :1 ORDER BY `modelos`.`menuOrder`'
''Thu 6 12:25:02': [DEBUG] SELECT IF(COUNT(*) > 0, 1, 0) FROM `INFORMATION_SCHEMA`.`TABLES` WHERE `TABLE_NAME`= 'modelos' AND `TABLE_SCHEMA` = 'carrillo_dbaurora''
''Thu 6 12:25:03': [DEBUG] DESCRIBE `carrillo_dbaurora`.`modelos`'
''Thu 6 12:25:03': [DEBUG] SELECT `modelos`.`id`, `modelos`.`modelName`, `modelos`.`actionName`, `modelos`.`modelType`, `modelos`.`modelDes`, `modelos`.`menuName`, `modelos`.`menuOrder`, `modelos`.`menuGroup` FROM `carrillo_dbaurora`.`modelos` WHERE `modelos`.`menuGroup` = :1 ORDER BY `modelos`.`menuOrder`'
''Thu 6 12:25:03': [DEBUG] SELECT IF(COUNT(*) > 0, 1, 0) FROM `INFORMATION_SCHEMA`.`TABLES` WHERE `TABLE_NAME`= 'modelos' AND `TABLE_SCHEMA` = 'carrillo_dbaurora''
''Thu 6 12:25:03': [DEBUG] DESCRIBE `carrillo_dbaurora`.`modelos`'
''Thu 6 12:25:03': [DEBUG] SELECT `modelos`.`id`, `modelos`.`modelName`, `modelos`.`actionName`, `modelos`.`modelType`, `modelos`.`modelDes`, `modelos`.`menuName`, `modelos`.`menuOrder`, `modelos`.`menuGroup` FROM `carrillo_dbaurora`.`modelos` WHERE `modelos`.`menuGroup` = :1 ORDER BY `modelos`.`menuOrder`'
''Thu 6 12:25:15': [DEBUG] SELECT IF(COUNT(*) > 0, 1, 0) FROM `INFORMATION_SCHEMA`.`TABLES` WHERE `TABLE_NAME`= 'modelos' AND `TABLE_SCHEMA` = 'carrillo_dbaurora''
''Thu 6 12:25:15': [DEBUG] DESCRIBE `carrillo_dbaurora`.`modelos`'
''Thu 6 12:25:15': [DEBUG] SELECT `modelos`.`id`, `modelos`.`modelName`, `modelos`.`actionName`, `modelos`.`modelType`, `modelos`.`modelDes`, `modelos`.`menuName`, `modelos`.`menuOrder`, `modelos`.`menuGroup` FROM `carrillo_dbaurora`.`modelos` WHERE `modelos`.`menuGroup` = :1 ORDER BY `modelos`.`menuOrder`'
''Thu 6 12:25:19': [DEBUG] SELECT IF(COUNT(*) > 0, 1, 0) FROM `INFORMATION_SCHEMA`.`TABLES` WHERE `TABLE_NAME`= 'modelos' AND `TABLE_SCHEMA` = 'carrillo_dbaurora''
''Thu 6 12:25:19': [DEBUG] DESCRIBE `carrillo_dbaurora`.`modelos`'
''Thu 6 12:25:19': [DEBUG] SELECT `modelos`.`id`, `modelos`.`modelName`, `modelos`.`actionName`, `modelos`.`modelType`, `modelos`.`modelDes`, `modelos`.`menuName`, `modelos`.`menuOrder`, `modelos`.`menuGroup` FROM `carrillo_dbaurora`.`modelos` WHERE `modelos`.`menuGroup` = :1 ORDER BY `modelos`.`menuOrder`'
''Thu 6 13:36:17': [DEBUG] SELECT IF(COUNT(*) > 0, 1, 0) FROM `INFORMATION_SCHEMA`.`TABLES` WHERE `TABLE_NAME`= 'modelos' AND `TABLE_SCHEMA` = 'carrillo_dbaurora''
''Thu 6 13:36:17': [DEBUG] DESCRIBE `carrillo_dbaurora`.`modelos`'
''Thu 6 13:36:17': [DEBUG] SELECT `modelos`.`id`, `modelos`.`modelName`, `modelos`.`actionName`, `modelos`.`modelType`, `modelos`.`modelDes`, `modelos`.`menuName`, `modelos`.`menuOrder`, `modelos`.`menuGroup` FROM `carrillo_dbaurora`.`modelos` WHERE `modelos`.`menuGroup` = :1 ORDER BY `modelos`.`menuOrder`'
''Fri 7 17:23:31': [DEBUG] SELECT IF(COUNT(*) > 0, 1, 0) FROM `INFORMATION_SCHEMA`.`TABLES` WHERE `TABLE_NAME`= 'users' AND `TABLE_SCHEMA` = 'carrillo_dbaurora''
''Fri 7 17:23:31': [DEBUG] DESCRIBE `carrillo_dbaurora`.`users`'
''Fri 7 17:23:31': [DEBUG] SELECT `users`.`id`, `users`.`tipo`, `users`.`username`, `users`.`password`, `users`.`tipoId`, `users`.`numeroId`, `users`.`name`, `users`.`email`, `users`.`createdAt`, `users`.`active`, `users`.`qbid` FROM `carrillo_dbaurora`.`users` WHERE (`users`.`email` = :email OR `users`.`username` = :email) AND `users`.`password` = :password AND `users`.`active` = 'Y' LIMIT :APL0'
''Fri 7 17:23:49': [DEBUG] SELECT IF(COUNT(*) > 0, 1, 0) FROM `INFORMATION_SCHEMA`.`TABLES` WHERE `TABLE_NAME`= 'users' AND `TABLE_SCHEMA` = 'carrillo_dbaurora''
''Fri 7 17:23:49': [DEBUG] DESCRIBE `carrillo_dbaurora`.`users`'
''Fri 7 17:23:49': [DEBUG] SELECT `users`.`id`, `users`.`tipo`, `users`.`username`, `users`.`password`, `users`.`tipoId`, `users`.`numeroId`, `users`.`name`, `users`.`email`, `users`.`createdAt`, `users`.`active`, `users`.`qbid` FROM `carrillo_dbaurora`.`users` WHERE (`users`.`email` = :email OR `users`.`username` = :email) AND `users`.`password` = :password AND `users`.`active` = 'Y' LIMIT :APL0'
''Fri 7 18:09:13': [DEBUG] SELECT IF(COUNT(*) > 0, 1, 0) FROM `INFORMATION_SCHEMA`.`TABLES` WHERE `TABLE_NAME`= 'users' AND `TABLE_SCHEMA` = 'carrillo_dbaurora''
''Fri 7 18:09:14': [DEBUG] DESCRIBE `carrillo_dbaurora`.`users`'
''Fri 7 18:09:14': [DEBUG] SELECT `users`.`id`, `users`.`tipo`, `users`.`username`, `users`.`password`, `users`.`tipoId`, `users`.`numeroId`, `users`.`name`, `users`.`email`, `users`.`createdAt`, `users`.`active`, `users`.`qbid` FROM `carrillo_dbaurora`.`users` WHERE (`users`.`email` = :email OR `users`.`username` = :email) AND `users`.`password` = :password AND `users`.`active` = 'Y' LIMIT :APL0'
''Sat 8 00:55:43': [DEBUG] SELECT IF(COUNT(*) > 0, 1, 0) FROM `INFORMATION_SCHEMA`.`TABLES` WHERE `TABLE_NAME`= 'users' AND `TABLE_SCHEMA` = 'carrillo_dbaurora''
''Sat 8 00:55:43': [DEBUG] DESCRIBE `carrillo_dbaurora`.`users`'
''Sat 8 00:55:43': [DEBUG] SELECT `users`.`id`, `users`.`tipo`, `users`.`username`, `users`.`password`, `users`.`tipoId`, `users`.`numeroId`, `users`.`name`, `users`.`email`, `users`.`createdAt`, `users`.`active`, `users`.`qbid` FROM `carrillo_dbaurora`.`users` WHERE (`users`.`email` = :email OR `users`.`username` = :email) AND `users`.`password` = :password AND `users`.`active` = 'Y' LIMIT :APL0'
''Sat 8 01:26:57': [DEBUG] SELECT IF(COUNT(*) > 0, 1, 0) FROM `INFORMATION_SCHEMA`.`TABLES` WHERE `TABLE_NAME`= 'modelos' AND `TABLE_SCHEMA` = 'carrillo_dbaurora''
''Sat 8 01:26:57': [DEBUG] DESCRIBE `carrillo_dbaurora`.`modelos`'
''Sat 8 01:26:57': [DEBUG] SELECT `modelos`.`id`, `modelos`.`modelName`, `modelos`.`actionName`, `modelos`.`modelType`, `modelos`.`modelDes`, `modelos`.`menuName`, `modelos`.`menuOrder`, `modelos`.`menuGroup` FROM `carrillo_dbaurora`.`modelos` WHERE `modelos`.`modelType` = :1 AND `modelos`.`modelDes` = :2 ORDER BY `modelos`.`menuGroup`, `modelos`.`menuOrder`'
''Mon 10 13:03:37': [DEBUG] SELECT IF(COUNT(*) > 0, 1, 0) FROM `INFORMATION_SCHEMA`.`TABLES` WHERE `TABLE_NAME`= 'users' AND `TABLE_SCHEMA` = 'carrillo_dbaurora''
''Mon 10 13:03:37': [DEBUG] DESCRIBE `carrillo_dbaurora`.`users`'
''Mon 10 13:03:37': [DEBUG] SELECT `users`.`id`, `users`.`tipo`, `users`.`username`, `users`.`password`, `users`.`tipoId`, `users`.`numeroId`, `users`.`name`, `users`.`email`, `users`.`createdAt`, `users`.`active`, `users`.`qbid` FROM `carrillo_dbaurora`.`users` WHERE (`users`.`email` = :email OR `users`.`username` = :email) AND `users`.`password` = :password AND `users`.`active` = 'Y' LIMIT :APL0'
''Mon 10 13:03:48': [DEBUG] SELECT IF(COUNT(*) > 0, 1, 0) FROM `INFORMATION_SCHEMA`.`TABLES` WHERE `TABLE_NAME`= 'modelos' AND `TABLE_SCHEMA` = 'carrillo_dbaurora''
''Mon 10 13:03:49': [DEBUG] DESCRIBE `carrillo_dbaurora`.`modelos`'
''Mon 10 13:03:49': [DEBUG] SELECT `modelos`.`id`, `modelos`.`modelName`, `modelos`.`actionName`, `modelos`.`modelType`, `modelos`.`modelDes`, `modelos`.`menuName`, `modelos`.`menuOrder`, `modelos`.`menuGroup` FROM `carrillo_dbaurora`.`modelos` WHERE `modelos`.`modelType` = :1 AND `modelos`.`modelDes` = :2 ORDER BY `modelos`.`menuGroup`, `modelos`.`menuOrder`'
''Mon 10 13:05:10': [DEBUG] SELECT IF(COUNT(*) > 0, 1, 0) FROM `INFORMATION_SCHEMA`.`TABLES` WHERE `TABLE_NAME`= 'users' AND `TABLE_SCHEMA` = 'carrillo_dbaurora''
''Mon 10 13:05:10': [DEBUG] DESCRIBE `carrillo_dbaurora`.`users`'
''Mon 10 13:05:10': [DEBUG] SELECT `users`.`id`, `users`.`tipo`, `users`.`username`, `users`.`password`, `users`.`tipoId`, `users`.`numeroId`, `users`.`name`, `users`.`email`, `users`.`createdAt`, `users`.`active`, `users`.`qbid` FROM `carrillo_dbaurora`.`users` WHERE (`users`.`email` = :email OR `users`.`username` = :email) AND `users`.`password` = :password AND `users`.`active` = 'Y' LIMIT :APL0'
''Mon 10 13:05:16': [DEBUG] SELECT IF(COUNT(*) > 0, 1, 0) FROM `INFORMATION_SCHEMA`.`TABLES` WHERE `TABLE_NAME`= 'modelos' AND `TABLE_SCHEMA` = 'carrillo_dbaurora''
''Mon 10 13:05:16': [DEBUG] DESCRIBE `carrillo_dbaurora`.`modelos`'
''Mon 10 13:05:16': [DEBUG] SELECT `modelos`.`id`, `modelos`.`modelName`, `modelos`.`actionName`, `modelos`.`modelType`, `modelos`.`modelDes`, `modelos`.`menuName`, `modelos`.`menuOrder`, `modelos`.`menuGroup` FROM `carrillo_dbaurora`.`modelos` WHERE `modelos`.`modelType` = :1 AND `modelos`.`modelDes` = :2 ORDER BY `modelos`.`menuGroup`, `modelos`.`menuOrder`'
''Mon 10 13:32:57': [DEBUG] SELECT IF(COUNT(*) > 0, 1, 0) FROM `INFORMATION_SCHEMA`.`TABLES` WHERE `TABLE_NAME`= 'users' AND `TABLE_SCHEMA` = 'carrillo_dbaurora''
''Mon 10 13:32:57': [DEBUG] DESCRIBE `carrillo_dbaurora`.`users`'
''Mon 10 13:32:57': [DEBUG] SELECT `users`.`id`, `users`.`tipo`, `users`.`username`, `users`.`password`, `users`.`tipoId`, `users`.`numeroId`, `users`.`name`, `users`.`email`, `users`.`createdAt`, `users`.`active`, `users`.`qbid` FROM `carrillo_dbaurora`.`users` WHERE (`users`.`email` = :email OR `users`.`username` = :email) AND `users`.`password` = :password AND `users`.`active` = 'Y' LIMIT :APL0'
''Mon 10 13:33:00': [DEBUG] SELECT IF(COUNT(*) > 0, 1, 0) FROM `INFORMATION_SCHEMA`.`TABLES` WHERE `TABLE_NAME`= 'modelos' AND `TABLE_SCHEMA` = 'carrillo_dbaurora''
''Mon 10 13:33:00': [DEBUG] DESCRIBE `carrillo_dbaurora`.`modelos`'
''Mon 10 13:33:00': [DEBUG] SELECT `modelos`.`id`, `modelos`.`modelName`, `modelos`.`actionName`, `modelos`.`modelType`, `modelos`.`modelDes`, `modelos`.`menuName`, `modelos`.`menuOrder`, `modelos`.`menuGroup` FROM `carrillo_dbaurora`.`modelos` WHERE `modelos`.`modelType` = :1 AND `modelos`.`modelDes` = :2 ORDER BY `modelos`.`menuGroup`, `modelos`.`menuOrder`'
''Mon 10 13:33:48': [DEBUG] SELECT IF(COUNT(*) > 0, 1, 0) FROM `INFORMATION_SCHEMA`.`TABLES` WHERE `TABLE_NAME`= 'modelos' AND `TABLE_SCHEMA` = 'carrillo_dbaurora''
''Mon 10 13:33:48': [DEBUG] DESCRIBE `carrillo_dbaurora`.`modelos`'
''Mon 10 13:33:48': [DEBUG] SELECT `modelos`.`id`, `modelos`.`modelName`, `modelos`.`actionName`, `modelos`.`modelType`, `modelos`.`modelDes`, `modelos`.`menuName`, `modelos`.`menuOrder`, `modelos`.`menuGroup` FROM `carrillo_dbaurora`.`modelos` WHERE `modelos`.`modelType` = :1 AND `modelos`.`modelDes` = :2 ORDER BY `modelos`.`menuGroup`, `modelos`.`menuOrder`'
''Mon 10 13:34:07': [DEBUG] SELECT IF(COUNT(*) > 0, 1, 0) FROM `INFORMATION_SCHEMA`.`TABLES` WHERE `TABLE_NAME`= 'modelos' AND `TABLE_SCHEMA` = 'carrillo_dbaurora''
''Mon 10 13:34:07': [DEBUG] DESCRIBE `carrillo_dbaurora`.`modelos`'
''Mon 10 13:34:07': [DEBUG] SELECT `modelos`.`id`, `modelos`.`modelName`, `modelos`.`actionName`, `modelos`.`modelType`, `modelos`.`modelDes`, `modelos`.`menuName`, `modelos`.`menuOrder`, `modelos`.`menuGroup` FROM `carrillo_dbaurora`.`modelos` WHERE `modelos`.`modelType` = :1 AND `modelos`.`modelDes` = :2 ORDER BY `modelos`.`menuGroup`, `modelos`.`menuOrder`'
''Mon 10 13:34:24': [DEBUG] SELECT IF(COUNT(*) > 0, 1, 0) FROM `INFORMATION_SCHEMA`.`TABLES` WHERE `TABLE_NAME`= 'modelos' AND `TABLE_SCHEMA` = 'carrillo_dbaurora''
''Mon 10 13:34:24': [DEBUG] DESCRIBE `carrillo_dbaurora`.`modelos`'
''Mon 10 13:34:24': [DEBUG] SELECT `modelos`.`id`, `modelos`.`modelName`, `modelos`.`actionName`, `modelos`.`modelType`, `modelos`.`modelDes`, `modelos`.`menuName`, `modelos`.`menuOrder`, `modelos`.`menuGroup` FROM `carrillo_dbaurora`.`modelos` WHERE `modelos`.`modelType` = :1 AND `modelos`.`modelDes` = :2 ORDER BY `modelos`.`menuGroup`, `modelos`.`menuOrder`'
''Mon 10 16:30:07': [DEBUG] SELECT IF(COUNT(*) > 0, 1, 0) FROM `INFORMATION_SCHEMA`.`TABLES` WHERE `TABLE_NAME`= 'users' AND `TABLE_SCHEMA` = 'carrillo_dbaurora''
''Mon 10 16:30:08': [DEBUG] DESCRIBE `carrillo_dbaurora`.`users`'
''Mon 10 16:30:08': [DEBUG] SELECT `users`.`id`, `users`.`tipo`, `users`.`username`, `users`.`password`, `users`.`tipoId`, `users`.`numeroId`, `users`.`name`, `users`.`email`, `users`.`createdAt`, `users`.`active`, `users`.`qbid` FROM `carrillo_dbaurora`.`users` WHERE (`users`.`email` = :email OR `users`.`username` = :email) AND `users`.`password` = :password AND `users`.`active` = 'Y' LIMIT :APL0'
''Mon 10 16:30:11': [DEBUG] SELECT IF(COUNT(*) > 0, 1, 0) FROM `INFORMATION_SCHEMA`.`TABLES` WHERE `TABLE_NAME`= 'modelos' AND `TABLE_SCHEMA` = 'carrillo_dbaurora''
''Mon 10 16:30:11': [DEBUG] DESCRIBE `carrillo_dbaurora`.`modelos`'
''Mon 10 16:30:11': [DEBUG] SELECT `modelos`.`id`, `modelos`.`modelName`, `modelos`.`actionName`, `modelos`.`modelType`, `modelos`.`modelDes`, `modelos`.`menuName`, `modelos`.`menuOrder`, `modelos`.`menuGroup` FROM `carrillo_dbaurora`.`modelos` WHERE `modelos`.`modelType` = :1 AND `modelos`.`modelDes` = :2 ORDER BY `modelos`.`menuGroup`, `modelos`.`menuOrder`'
''Mon 10 17:08:15': [DEBUG] SELECT IF(COUNT(*) > 0, 1, 0) FROM `INFORMATION_SCHEMA`.`TABLES` WHERE `TABLE_NAME`= 'users' AND `TABLE_SCHEMA` = 'carrillo_dbaurora''
''Mon 10 17:08:16': [DEBUG] DESCRIBE `carrillo_dbaurora`.`users`'
''Mon 10 17:08:16': [DEBUG] SELECT `users`.`id`, `users`.`tipo`, `users`.`username`, `users`.`password`, `users`.`tipoId`, `users`.`numeroId`, `users`.`name`, `users`.`email`, `users`.`createdAt`, `users`.`active`, `users`.`qbid` FROM `carrillo_dbaurora`.`users` WHERE (`users`.`email` = :email OR `users`.`username` = :email) AND `users`.`password` = :password AND `users`.`active` = 'Y' LIMIT :APL0'
''Mon 10 17:08:20': [DEBUG] SELECT IF(COUNT(*) > 0, 1, 0) FROM `INFORMATION_SCHEMA`.`TABLES` WHERE `TABLE_NAME`= 'modelos' AND `TABLE_SCHEMA` = 'carrillo_dbaurora''
''Mon 10 17:08:20': [DEBUG] DESCRIBE `carrillo_dbaurora`.`modelos`'
''Mon 10 17:08:20': [DEBUG] SELECT `modelos`.`id`, `modelos`.`modelName`, `modelos`.`actionName`, `modelos`.`modelType`, `modelos`.`modelDes`, `modelos`.`menuName`, `modelos`.`menuOrder`, `modelos`.`menuGroup` FROM `carrillo_dbaurora`.`modelos` WHERE `modelos`.`modelType` = :1 AND `modelos`.`modelDes` = :2 ORDER BY `modelos`.`menuGroup`, `modelos`.`menuOrder`'
''Mon 10 17:21:56': [DEBUG] SELECT IF(COUNT(*) > 0, 1, 0) FROM `INFORMATION_SCHEMA`.`TABLES` WHERE `TABLE_NAME`= 'users' AND `TABLE_SCHEMA` = 'carrillo_dbaurora''
''Mon 10 17:21:56': [DEBUG] DESCRIBE `carrillo_dbaurora`.`users`'
''Mon 10 17:21:56': [DEBUG] SELECT `users`.`id`, `users`.`tipo`, `users`.`username`, `users`.`password`, `users`.`tipoId`, `users`.`numeroId`, `users`.`name`, `users`.`email`, `users`.`createdAt`, `users`.`active`, `users`.`qbid` FROM `carrillo_dbaurora`.`users` WHERE (`users`.`email` = :email OR `users`.`username` = :email) AND `users`.`password` = :password AND `users`.`active` = 'Y' LIMIT :APL0'
''Mon 10 17:22:00': [DEBUG] SELECT IF(COUNT(*) > 0, 1, 0) FROM `INFORMATION_SCHEMA`.`TABLES` WHERE `TABLE_NAME`= 'modelos' AND `TABLE_SCHEMA` = 'carrillo_dbaurora''
''Mon 10 17:22:00': [DEBUG] DESCRIBE `carrillo_dbaurora`.`modelos`'
''Mon 10 17:22:00': [DEBUG] SELECT `modelos`.`id`, `modelos`.`modelName`, `modelos`.`actionName`, `modelos`.`modelType`, `modelos`.`modelDes`, `modelos`.`menuName`, `modelos`.`menuOrder`, `modelos`.`menuGroup` FROM `carrillo_dbaurora`.`modelos` WHERE `modelos`.`modelType` = :1 AND `modelos`.`modelDes` = :2 ORDER BY `modelos`.`menuGroup`, `modelos`.`menuOrder`'
''Mon 10 17:59:09': [DEBUG] SELECT IF(COUNT(*) > 0, 1, 0) FROM `INFORMATION_SCHEMA`.`TABLES` WHERE `TABLE_NAME`= 'users' AND `TABLE_SCHEMA` = 'carrillo_dbaurora''
''Mon 10 17:59:09': [DEBUG] DESCRIBE `carrillo_dbaurora`.`users`'
''Mon 10 17:59:09': [DEBUG] SELECT `users`.`id`, `users`.`tipo`, `users`.`username`, `users`.`password`, `users`.`tipoId`, `users`.`numeroId`, `users`.`name`, `users`.`email`, `users`.`createdAt`, `users`.`active`, `users`.`qbid` FROM `carrillo_dbaurora`.`users` WHERE (`users`.`email` = :email OR `users`.`username` = :email) AND `users`.`password` = :password AND `users`.`active` = 'Y' LIMIT :APL0'
''Mon 10 17:59:12': [DEBUG] SELECT IF(COUNT(*) > 0, 1, 0) FROM `INFORMATION_SCHEMA`.`TABLES` WHERE `TABLE_NAME`= 'modelos' AND `TABLE_SCHEMA` = 'carrillo_dbaurora''
''Mon 10 17:59:12': [DEBUG] DESCRIBE `carrillo_dbaurora`.`modelos`'
''Mon 10 17:59:13': [DEBUG] SELECT `modelos`.`id`, `modelos`.`modelName`, `modelos`.`actionName`, `modelos`.`modelType`, `modelos`.`modelDes`, `modelos`.`menuName`, `modelos`.`menuOrder`, `modelos`.`menuGroup` FROM `carrillo_dbaurora`.`modelos` WHERE `modelos`.`modelType` = :1 AND `modelos`.`modelDes` = :2 ORDER BY `modelos`.`menuGroup`, `modelos`.`menuOrder`'
''Mon 10 18:07:59': [DEBUG] SELECT IF(COUNT(*) > 0, 1, 0) FROM `INFORMATION_SCHEMA`.`TABLES` WHERE `TABLE_NAME`= 'users' AND `TABLE_SCHEMA` = 'carrillo_dbaurora''
''Mon 10 18:07:59': [DEBUG] DESCRIBE `carrillo_dbaurora`.`users`'
''Mon 10 18:07:59': [DEBUG] SELECT `users`.`id`, `users`.`tipo`, `users`.`username`, `users`.`password`, `users`.`tipoId`, `users`.`numeroId`, `users`.`name`, `users`.`email`, `users`.`createdAt`, `users`.`active`, `users`.`qbid` FROM `carrillo_dbaurora`.`users` WHERE (`users`.`email` = :email OR `users`.`username` = :email) AND `users`.`password` = :password AND `users`.`active` = 'Y' LIMIT :APL0'
''Mon 10 18:08:04': [DEBUG] SELECT IF(COUNT(*) > 0, 1, 0) FROM `INFORMATION_SCHEMA`.`TABLES` WHERE `TABLE_NAME`= 'modelos' AND `TABLE_SCHEMA` = 'carrillo_dbaurora''
''Mon 10 18:08:05': [DEBUG] DESCRIBE `carrillo_dbaurora`.`modelos`'
''Mon 10 18:08:05': [DEBUG] SELECT `modelos`.`id`, `modelos`.`modelName`, `modelos`.`actionName`, `modelos`.`modelType`, `modelos`.`modelDes`, `modelos`.`menuName`, `modelos`.`menuOrder`, `modelos`.`menuGroup` FROM `carrillo_dbaurora`.`modelos` WHERE `modelos`.`modelType` = :1 AND `modelos`.`modelDes` = :2 ORDER BY `modelos`.`menuGroup`, `modelos`.`menuOrder`'
''Mon 10 18:09:11': [DEBUG] SELECT IF(COUNT(*) > 0, 1, 0) FROM `INFORMATION_SCHEMA`.`TABLES` WHERE `TABLE_NAME`= 'modelos' AND `TABLE_SCHEMA` = 'carrillo_dbaurora''
''Mon 10 18:09:11': [DEBUG] DESCRIBE `carrillo_dbaurora`.`modelos`'
''Mon 10 18:09:11': [DEBUG] SELECT `modelos`.`id`, `modelos`.`modelName`, `modelos`.`actionName`, `modelos`.`modelType`, `modelos`.`modelDes`, `modelos`.`menuName`, `modelos`.`menuOrder`, `modelos`.`menuGroup` FROM `carrillo_dbaurora`.`modelos` WHERE `modelos`.`modelType` = :1 AND `modelos`.`modelDes` = :2 ORDER BY `modelos`.`menuGroup`, `modelos`.`menuOrder`'
''Mon 10 18:15:11': [DEBUG] SELECT IF(COUNT(*) > 0, 1, 0) FROM `INFORMATION_SCHEMA`.`TABLES` WHERE `TABLE_NAME`= 'users' AND `TABLE_SCHEMA` = 'carrillo_dbaurora''
''Mon 10 18:15:11': [DEBUG] DESCRIBE `carrillo_dbaurora`.`users`'
''Mon 10 18:15:11': [DEBUG] SELECT `users`.`id`, `users`.`tipo`, `users`.`username`, `users`.`password`, `users`.`tipoId`, `users`.`numeroId`, `users`.`name`, `users`.`email`, `users`.`createdAt`, `users`.`active`, `users`.`qbid` FROM `carrillo_dbaurora`.`users` WHERE (`users`.`email` = :email OR `users`.`username` = :email) AND `users`.`password` = :password AND `users`.`active` = 'Y' LIMIT :APL0'
''Mon 10 18:15:14': [DEBUG] SELECT IF(COUNT(*) > 0, 1, 0) FROM `INFORMATION_SCHEMA`.`TABLES` WHERE `TABLE_NAME`= 'modelos' AND `TABLE_SCHEMA` = 'carrillo_dbaurora''
''Mon 10 18:15:14': [DEBUG] DESCRIBE `carrillo_dbaurora`.`modelos`'
''Mon 10 18:15:14': [DEBUG] SELECT `modelos`.`id`, `modelos`.`modelName`, `modelos`.`actionName`, `modelos`.`modelType`, `modelos`.`modelDes`, `modelos`.`menuName`, `modelos`.`menuOrder`, `modelos`.`menuGroup` FROM `carrillo_dbaurora`.`modelos` WHERE `modelos`.`modelType` = :1 AND `modelos`.`modelDes` = :2 ORDER BY `modelos`.`menuGroup`, `modelos`.`menuOrder`'
''Mon 10 19:29:23': [DEBUG] SELECT IF(COUNT(*) > 0, 1, 0) FROM `INFORMATION_SCHEMA`.`TABLES` WHERE `TABLE_NAME`= 'users' AND `TABLE_SCHEMA` = 'carrillo_dbaurora''
''Mon 10 19:29:23': [DEBUG] DESCRIBE `carrillo_dbaurora`.`users`'
''Mon 10 19:29:23': [DEBUG] SELECT `users`.`id`, `users`.`tipo`, `users`.`username`, `users`.`password`, `users`.`tipoId`, `users`.`numeroId`, `users`.`name`, `users`.`email`, `users`.`createdAt`, `users`.`active`, `users`.`qbid` FROM `carrillo_dbaurora`.`users` WHERE (`users`.`email` = :email OR `users`.`username` = :email) AND `users`.`password` = :password AND `users`.`active` = 'Y' LIMIT :APL0'
''Mon 10 19:29:28': [DEBUG] SELECT IF(COUNT(*) > 0, 1, 0) FROM `INFORMATION_SCHEMA`.`TABLES` WHERE `TABLE_NAME`= 'modelos' AND `TABLE_SCHEMA` = 'carrillo_dbaurora''
''Mon 10 19:29:28': [DEBUG] DESCRIBE `carrillo_dbaurora`.`modelos`'
''Mon 10 19:29:28': [DEBUG] SELECT `modelos`.`id`, `modelos`.`modelName`, `modelos`.`actionName`, `modelos`.`modelType`, `modelos`.`modelDes`, `modelos`.`menuName`, `modelos`.`menuOrder`, `modelos`.`menuGroup` FROM `carrillo_dbaurora`.`modelos` WHERE `modelos`.`modelType` = :1 AND `modelos`.`modelDes` = :2 ORDER BY `modelos`.`menuGroup`, `modelos`.`menuOrder`'
''Mon 10 19:49:13': [DEBUG] SELECT IF(COUNT(*) > 0, 1, 0) FROM `INFORMATION_SCHEMA`.`TABLES` WHERE `TABLE_NAME`= 'users' AND `TABLE_SCHEMA` = 'carrillo_dbaurora''
''Mon 10 19:49:13': [DEBUG] DESCRIBE `carrillo_dbaurora`.`users`'
''Mon 10 19:49:13': [DEBUG] SELECT `users`.`id`, `users`.`tipo`, `users`.`username`, `users`.`password`, `users`.`tipoId`, `users`.`numeroId`, `users`.`name`, `users`.`email`, `users`.`createdAt`, `users`.`active`, `users`.`qbid` FROM `carrillo_dbaurora`.`users` WHERE (`users`.`email` = :email OR `users`.`username` = :email) AND `users`.`password` = :password AND `users`.`active` = 'Y' LIMIT :APL0'
''Mon 10 19:49:17': [DEBUG] SELECT IF(COUNT(*) > 0, 1, 0) FROM `INFORMATION_SCHEMA`.`TABLES` WHERE `TABLE_NAME`= 'modelos' AND `TABLE_SCHEMA` = 'carrillo_dbaurora''
''Mon 10 19:49:17': [DEBUG] DESCRIBE `carrillo_dbaurora`.`modelos`'
''Mon 10 19:49:17': [DEBUG] SELECT `modelos`.`id`, `modelos`.`modelName`, `modelos`.`actionName`, `modelos`.`modelType`, `modelos`.`modelDes`, `modelos`.`menuName`, `modelos`.`menuOrder`, `modelos`.`menuGroup` FROM `carrillo_dbaurora`.`modelos` WHERE `modelos`.`modelType` = :1 AND `modelos`.`modelDes` = :2 ORDER BY `modelos`.`menuGroup`, `modelos`.`menuOrder`'
''Mon 10 19:49:29': [DEBUG] SELECT IF(COUNT(*) > 0, 1, 0) FROM `INFORMATION_SCHEMA`.`TABLES` WHERE `TABLE_NAME`= 'modelos' AND `TABLE_SCHEMA` = 'carrillo_dbaurora''
''Mon 10 19:49:29': [DEBUG] DESCRIBE `carrillo_dbaurora`.`modelos`'
''Mon 10 19:49:29': [DEBUG] SELECT `modelos`.`id`, `modelos`.`modelName`, `modelos`.`actionName`, `modelos`.`modelType`, `modelos`.`modelDes`, `modelos`.`menuName`, `modelos`.`menuOrder`, `modelos`.`menuGroup` FROM `carrillo_dbaurora`.`modelos` WHERE `modelos`.`modelType` = :1 AND `modelos`.`modelDes` = :2 ORDER BY `modelos`.`menuGroup`, `modelos`.`menuOrder`'
''Mon 10 19:50:55': [DEBUG] SELECT IF(COUNT(*) > 0, 1, 0) FROM `INFORMATION_SCHEMA`.`TABLES` WHERE `TABLE_NAME`= 'modelos' AND `TABLE_SCHEMA` = 'carrillo_dbaurora''
''Mon 10 19:50:55': [DEBUG] DESCRIBE `carrillo_dbaurora`.`modelos`'
''Mon 10 19:50:55': [DEBUG] SELECT `modelos`.`id`, `modelos`.`modelName`, `modelos`.`actionName`, `modelos`.`modelType`, `modelos`.`modelDes`, `modelos`.`menuName`, `modelos`.`menuOrder`, `modelos`.`menuGroup` FROM `carrillo_dbaurora`.`modelos` WHERE `modelos`.`modelType` = :1 AND `modelos`.`modelDes` = :2 ORDER BY `modelos`.`menuGroup`, `modelos`.`menuOrder`'
''Mon 10 19:52:15': [DEBUG] SELECT IF(COUNT(*) > 0, 1, 0) FROM `INFORMATION_SCHEMA`.`TABLES` WHERE `TABLE_NAME`= 'modelos' AND `TABLE_SCHEMA` = 'carrillo_dbaurora''
''Mon 10 19:52:15': [DEBUG] DESCRIBE `carrillo_dbaurora`.`modelos`'
''Mon 10 19:52:15': [DEBUG] SELECT `modelos`.`id`, `modelos`.`modelName`, `modelos`.`actionName`, `modelos`.`modelType`, `modelos`.`modelDes`, `modelos`.`menuName`, `modelos`.`menuOrder`, `modelos`.`menuGroup` FROM `carrillo_dbaurora`.`modelos` WHERE `modelos`.`modelType` = :1 AND `modelos`.`modelDes` = :2 ORDER BY `modelos`.`menuGroup`, `modelos`.`menuOrder`'
''Mon 10 21:48:20': [DEBUG] SELECT IF(COUNT(*) > 0, 1, 0) FROM `INFORMATION_SCHEMA`.`TABLES` WHERE `TABLE_NAME`= 'modelos' AND `TABLE_SCHEMA` = 'carrillo_dbaurora''
''Mon 10 21:48:21': [DEBUG] DESCRIBE `carrillo_dbaurora`.`modelos`'
''Mon 10 21:48:21': [DEBUG] SELECT `modelos`.`id`, `modelos`.`modelName`, `modelos`.`actionName`, `modelos`.`modelType`, `modelos`.`modelDes`, `modelos`.`menuName`, `modelos`.`menuOrder`, `modelos`.`menuGroup` FROM `carrillo_dbaurora`.`modelos` WHERE `modelos`.`modelType` = :1 AND `modelos`.`modelDes` = :2 ORDER BY `modelos`.`menuGroup`, `modelos`.`menuOrder`'
''Mon 10 21:50:42': [DEBUG] SELECT IF(COUNT(*) > 0, 1, 0) FROM `INFORMATION_SCHEMA`.`TABLES` WHERE `TABLE_NAME`= 'modelos' AND `TABLE_SCHEMA` = 'carrillo_dbaurora''
''Mon 10 21:50:42': [DEBUG] DESCRIBE `carrillo_dbaurora`.`modelos`'
''Mon 10 21:50:42': [DEBUG] SELECT `modelos`.`id`, `modelos`.`modelName`, `modelos`.`actionName`, `modelos`.`modelType`, `modelos`.`modelDes`, `modelos`.`menuName`, `modelos`.`menuOrder`, `modelos`.`menuGroup` FROM `carrillo_dbaurora`.`modelos` WHERE `modelos`.`modelType` = :1 AND `modelos`.`modelDes` = :2 ORDER BY `modelos`.`menuGroup`, `modelos`.`menuOrder`'
''Mon 10 21:52:06': [DEBUG] SELECT IF(COUNT(*) > 0, 1, 0) FROM `INFORMATION_SCHEMA`.`TABLES` WHERE `TABLE_NAME`= 'modelos' AND `TABLE_SCHEMA` = 'carrillo_dbaurora''
''Mon 10 21:52:06': [DEBUG] DESCRIBE `carrillo_dbaurora`.`modelos`'
''Mon 10 21:52:06': [DEBUG] SELECT `modelos`.`id`, `modelos`.`modelName`, `modelos`.`actionName`, `modelos`.`modelType`, `modelos`.`modelDes`, `modelos`.`menuName`, `modelos`.`menuOrder`, `modelos`.`menuGroup` FROM `carrillo_dbaurora`.`modelos` WHERE `modelos`.`modelType` = :1 AND `modelos`.`modelDes` = :2 ORDER BY `modelos`.`menuGroup`, `modelos`.`menuOrder`'
''Mon 10 23:27:39': [DEBUG] SELECT IF(COUNT(*) > 0, 1, 0) FROM `INFORMATION_SCHEMA`.`TABLES` WHERE `TABLE_NAME`= 'modelos' AND `TABLE_SCHEMA` = 'carrillo_dbaurora''
''Mon 10 23:27:39': [DEBUG] DESCRIBE `carrillo_dbaurora`.`modelos`'
''Mon 10 23:27:39': [DEBUG] SELECT `modelos`.`id`, `modelos`.`modelName`, `modelos`.`actionName`, `modelos`.`modelType`, `modelos`.`modelDes`, `modelos`.`menuName`, `modelos`.`menuOrder`, `modelos`.`menuGroup` FROM `carrillo_dbaurora`.`modelos` WHERE `modelos`.`modelType` = :1 AND `modelos`.`modelDes` = :2 ORDER BY `modelos`.`menuGroup`, `modelos`.`menuOrder`'
''Mon 10 23:28:16': [DEBUG] SELECT IF(COUNT(*) > 0, 1, 0) FROM `INFORMATION_SCHEMA`.`TABLES` WHERE `TABLE_NAME`= 'modelos' AND `TABLE_SCHEMA` = 'carrillo_dbaurora''
''Mon 10 23:28:16': [DEBUG] DESCRIBE `carrillo_dbaurora`.`modelos`'
''Mon 10 23:28:16': [DEBUG] SELECT `modelos`.`id`, `modelos`.`modelName`, `modelos`.`actionName`, `modelos`.`modelType`, `modelos`.`modelDes`, `modelos`.`menuName`, `modelos`.`menuOrder`, `modelos`.`menuGroup` FROM `carrillo_dbaurora`.`modelos` WHERE `modelos`.`modelType` = :1 AND `modelos`.`modelDes` = :2 ORDER BY `modelos`.`menuGroup`, `modelos`.`menuOrder`'
''Mon 10 23:59:58': [DEBUG] SELECT IF(COUNT(*) > 0, 1, 0) FROM `INFORMATION_SCHEMA`.`TABLES` WHERE `TABLE_NAME`= 'modelos' AND `TABLE_SCHEMA` = 'carrillo_dbaurora''
''Mon 10 23:59:58': [DEBUG] DESCRIBE `carrillo_dbaurora`.`modelos`'
''Mon 10 23:59:58': [DEBUG] SELECT `modelos`.`id`, `modelos`.`modelName`, `modelos`.`actionName`, `modelos`.`modelType`, `modelos`.`modelDes`, `modelos`.`menuName`, `modelos`.`menuOrder`, `modelos`.`menuGroup` FROM `carrillo_dbaurora`.`modelos` WHERE `modelos`.`modelType` = :1 AND `modelos`.`modelDes` = :2 ORDER BY `modelos`.`menuGroup`, `modelos`.`menuOrder`'
